<?xml version="1.0" encoding="UTF-8"?>
<testng-results ignored="0" total="1" passed="1" failed="0" skipped="0">
  <reporter-output>
  </reporter-output>
  <suite started-at="2020-06-29T11:29:44 IST" name="Default suite" finished-at="2020-06-29T11:31:19 IST" duration-ms="95388">
    <groups>
    </groups>
    <test started-at="2020-06-29T11:29:44 IST" name="Default test" finished-at="2020-06-29T11:31:19 IST" duration-ms="95388">
      <class name="com.training.sanity.tests.RecoverPwdTests">
        <test-method is-config="true" signature="setUpBeforeClass()[pri:0, instance:com.training.sanity.tests.RecoverPwdTests@27ae2fd0]" started-at="2020-06-29T11:29:44 IST" name="setUpBeforeClass" finished-at="2020-06-29T11:29:44 IST" duration-ms="20" status="PASS">
          <reporter-output>
          </reporter-output>
        </test-method> <!-- setUpBeforeClass -->
        <test-method is-config="true" signature="setUp()[pri:0, instance:com.training.sanity.tests.RecoverPwdTests@27ae2fd0]" started-at="2020-06-29T11:29:44 IST" name="setUp" finished-at="2020-06-29T11:30:43 IST" duration-ms="58834" status="PASS">
          <reporter-output>
          </reporter-output>
        </test-method> <!-- setUp -->
        <test-method signature="validRecoverpwd()[pri:0, instance:com.training.sanity.tests.RecoverPwdTests@27ae2fd0]" started-at="2020-06-29T11:30:43 IST" name="validRecoverpwd" finished-at="2020-06-29T11:31:18 IST" duration-ms="35475" status="PASS">
          <reporter-output>
          </reporter-output>
        </test-method> <!-- validRecoverpwd -->
        <test-method is-config="true" signature="tearDown()[pri:0, instance:com.training.sanity.tests.RecoverPwdTests@27ae2fd0]" started-at="2020-06-29T11:31:18 IST" name="tearDown" finished-at="2020-06-29T11:31:19 IST" duration-ms="1001" status="PASS">
          <reporter-output>
          </reporter-output>
        </test-method> <!-- tearDown -->
      </class> <!-- com.training.sanity.tests.RecoverPwdTests -->
    </test> <!-- Default test -->
  </suite> <!-- Default suite -->
</testng-results>
