<?xml version="1.0" encoding="UTF-8"?>
<testng-results ignored="0" total="1" passed="1" failed="0" skipped="0">
  <reporter-output>
  </reporter-output>
  <suite started-at="2020-07-09T11:42:58 IST" name="Default suite" finished-at="2020-07-09T11:44:06 IST" duration-ms="68567">
    <groups>
    </groups>
    <test started-at="2020-07-09T11:42:58 IST" name="Default test" finished-at="2020-07-09T11:44:06 IST" duration-ms="68567">
      <class name="com.training.regression.tests.RegisterDBTest">
        <test-method is-config="true" signature="setUpBeforeClass()[pri:0, instance:com.training.regression.tests.RegisterDBTest@7b227d8d]" started-at="2020-07-09T11:42:58 IST" name="setUpBeforeClass" finished-at="2020-07-09T11:42:58 IST" duration-ms="8" status="PASS">
          <reporter-output>
          </reporter-output>
        </test-method> <!-- setUpBeforeClass -->
        <test-method is-config="true" signature="setUp()[pri:0, instance:com.training.regression.tests.RegisterDBTest@7b227d8d]" started-at="2020-07-09T11:42:58 IST" name="setUp" finished-at="2020-07-09T11:43:56 IST" duration-ms="57849" status="PASS">
          <reporter-output>
          </reporter-output>
        </test-method> <!-- setUp -->
        <test-method signature="RegDBTest(java.lang.String, java.lang.String, java.lang.String)[pri:0, instance:com.training.regression.tests.RegisterDBTest@7b227d8d]" started-at="2020-07-09T11:43:56 IST" name="RegDBTest" data-provider="db-inputs" finished-at="2020-07-09T11:44:04 IST" duration-ms="8542" status="PASS">
          <params>
            <param index="0">
              <value>
                <![CDATA[manzoorone@gmail.com]]>
              </value>
            </param>
            <param index="1">
              <value>
                <![CDATA[manzoorone@gmail.com]]>
              </value>
            </param>
            <param index="2">
              <value>
                <![CDATA[TestFname]]>
              </value>
            </param>
          </params>
          <reporter-output>
          </reporter-output>
        </test-method> <!-- RegDBTest -->
        <test-method is-config="true" signature="tearDown()[pri:0, instance:com.training.regression.tests.RegisterDBTest@7b227d8d]" started-at="2020-07-09T11:44:04 IST" name="tearDown" finished-at="2020-07-09T11:44:06 IST" duration-ms="1799" status="PASS">
          <reporter-output>
          </reporter-output>
        </test-method> <!-- tearDown -->
      </class> <!-- com.training.regression.tests.RegisterDBTest -->
    </test> <!-- Default test -->
  </suite> <!-- Default suite -->
</testng-results>
